\BOOKMARK [0][-]{chapter.1}{\376\377\0001\000\040\000M\000D\000G\000e\000n\000e\000r\000a\000l}{}% 1
\BOOKMARK [0][-]{chapter.2}{\376\377\0002\000\040\000N\000a\000m\000e\000s\000p\000a\000c\000e\000\040\000I\000n\000d\000e\000x}{}% 2
\BOOKMARK [1][-]{section.2.1}{\376\377\0002\000.\0001\000\040\000N\000a\000m\000e\000s\000p\000a\000c\000e\000\040\000L\000i\000s\000t}{chapter.2}% 3
\BOOKMARK [0][-]{chapter.3}{\376\377\0003\000\040\000H\000i\000e\000r\000a\000r\000c\000h\000i\000c\000a\000l\000\040\000I\000n\000d\000e\000x}{}% 4
\BOOKMARK [1][-]{section.3.1}{\376\377\0003\000.\0001\000\040\000C\000l\000a\000s\000s\000\040\000H\000i\000e\000r\000a\000r\000c\000h\000y}{chapter.3}% 5
\BOOKMARK [0][-]{chapter.4}{\376\377\0004\000\040\000C\000l\000a\000s\000s\000\040\000I\000n\000d\000e\000x}{}% 6
\BOOKMARK [1][-]{section.4.1}{\376\377\0004\000.\0001\000\040\000C\000l\000a\000s\000s\000\040\000L\000i\000s\000t}{chapter.4}% 7
\BOOKMARK [0][-]{chapter.5}{\376\377\0005\000\040\000F\000i\000l\000e\000\040\000I\000n\000d\000e\000x}{}% 8
\BOOKMARK [1][-]{section.5.1}{\376\377\0005\000.\0001\000\040\000F\000i\000l\000e\000\040\000L\000i\000s\000t}{chapter.5}% 9
\BOOKMARK [0][-]{chapter.6}{\376\377\0006\000\040\000N\000a\000m\000e\000s\000p\000a\000c\000e\000\040\000D\000o\000c\000u\000m\000e\000n\000t\000a\000t\000i\000o\000n}{}% 10
\BOOKMARK [1][-]{section.6.1}{\376\377\0006\000.\0001\000\040\000S\000y\000s\000t\000e\000m\000\040\000N\000a\000m\000e\000s\000p\000a\000c\000e\000\040\000R\000e\000f\000e\000r\000e\000n\000c\000e}{chapter.6}% 11
\BOOKMARK [0][-]{chapter.7}{\376\377\0007\000\040\000C\000l\000a\000s\000s\000\040\000D\000o\000c\000u\000m\000e\000n\000t\000a\000t\000i\000o\000n}{}% 12
\BOOKMARK [1][-]{section.7.1}{\376\377\0007\000.\0001\000\040\000S\000y\000s\000t\000e\000m\000:\000:\000c\000o\000n\000s\000t\000a\000n\000t\000s\000\137\000i\000n\000t\000e\000r\000a\000c\000t\000i\000o\000n\000\040\000C\000l\000a\000s\000s\000\040\000R\000e\000f\000e\000r\000e\000n\000c\000e}{chapter.7}% 13
\BOOKMARK [2][-]{subsection.7.1.1}{\376\377\0007\000.\0001\000.\0001\000\040\000D\000e\000t\000a\000i\000l\000e\000d\000\040\000D\000e\000s\000c\000r\000i\000p\000t\000i\000o\000n}{section.7.1}% 14
\BOOKMARK [2][-]{subsection.7.1.2}{\376\377\0007\000.\0001\000.\0002\000\040\000C\000o\000n\000s\000t\000r\000u\000c\000t\000o\000r\000\040\000\046\000\040\000D\000e\000s\000t\000r\000u\000c\000t\000o\000r\000\040\000D\000o\000c\000u\000m\000e\000n\000t\000a\000t\000i\000o\000n}{section.7.1}% 15
\BOOKMARK [3][-]{subsubsection.7.1.2.1}{\376\377\0007\000.\0001\000.\0002\000.\0001\000\040\000c\000o\000n\000s\000t\000a\000n\000t\000s\000\137\000i\000n\000t\000e\000r\000a\000c\000t\000i\000o\000n\000\050\000\051}{subsection.7.1.2}% 16
\BOOKMARK [2][-]{subsection.7.1.3}{\376\377\0007\000.\0001\000.\0003\000\040\000M\000e\000m\000b\000e\000r\000\040\000D\000a\000t\000a\000\040\000D\000o\000c\000u\000m\000e\000n\000t\000a\000t\000i\000o\000n}{section.7.1}% 17
\BOOKMARK [3][-]{subsubsection.7.1.3.1}{\376\377\0007\000.\0001\000.\0003\000.\0001\000\040\000i\000n\000t\000e\000r\000a\000c\000t\000i\000o\000n\000\137\000c\000o\000n\000s\000t}{subsection.7.1.3}% 18
\BOOKMARK [1][-]{section.7.2}{\376\377\0007\000.\0002\000\040\000S\000y\000s\000t\000e\000m\000:\000:\000c\000o\000n\000s\000t\000a\000n\000t\000s\000\137\000t\000h\000e\000r\000m\000o\000s\000t\000a\000t\000\040\000C\000l\000a\000s\000s\000\040\000R\000e\000f\000e\000r\000e\000n\000c\000e}{chapter.7}% 19
\BOOKMARK [2][-]{subsection.7.2.1}{\376\377\0007\000.\0002\000.\0001\000\040\000D\000e\000t\000a\000i\000l\000e\000d\000\040\000D\000e\000s\000c\000r\000i\000p\000t\000i\000o\000n}{section.7.2}% 20
\BOOKMARK [2][-]{subsection.7.2.2}{\376\377\0007\000.\0002\000.\0002\000\040\000C\000o\000n\000s\000t\000r\000u\000c\000t\000o\000r\000\040\000\046\000\040\000D\000e\000s\000t\000r\000u\000c\000t\000o\000r\000\040\000D\000o\000c\000u\000m\000e\000n\000t\000a\000t\000i\000o\000n}{section.7.2}% 21
\BOOKMARK [3][-]{subsubsection.7.2.2.1}{\376\377\0007\000.\0002\000.\0002\000.\0001\000\040\000c\000o\000n\000s\000t\000a\000n\000t\000s\000\137\000t\000h\000e\000r\000m\000o\000s\000t\000a\000t\000\050\000\051}{subsection.7.2.2}% 22
\BOOKMARK [2][-]{subsection.7.2.3}{\376\377\0007\000.\0002\000.\0003\000\040\000M\000e\000m\000b\000e\000r\000\040\000D\000a\000t\000a\000\040\000D\000o\000c\000u\000m\000e\000n\000t\000a\000t\000i\000o\000n}{section.7.2}% 23
\BOOKMARK [3][-]{subsubsection.7.2.3.1}{\376\377\0007\000.\0002\000.\0003\000.\0001\000\040\000t\000h\000e\000r\000m\000o\000s\000t\000a\000t\000\137\000c\000o\000n\000s\000t}{subsection.7.2.3}% 24
\BOOKMARK [1][-]{section.7.3}{\376\377\0007\000.\0003\000\040\000S\000y\000s\000t\000e\000m\000:\000:\000i\000n\000p\000u\000t\000\137\000p\000a\000r\000a\000m\000s\000\040\000C\000l\000a\000s\000s\000\040\000R\000e\000f\000e\000r\000e\000n\000c\000e}{chapter.7}% 25
\BOOKMARK [2][-]{subsection.7.3.1}{\376\377\0007\000.\0003\000.\0001\000\040\000D\000e\000t\000a\000i\000l\000e\000d\000\040\000D\000e\000s\000c\000r\000i\000p\000t\000i\000o\000n}{section.7.3}% 26
\BOOKMARK [2][-]{subsection.7.3.2}{\376\377\0007\000.\0003\000.\0002\000\040\000C\000o\000n\000s\000t\000r\000u\000c\000t\000o\000r\000\040\000\046\000\040\000D\000e\000s\000t\000r\000u\000c\000t\000o\000r\000\040\000D\000o\000c\000u\000m\000e\000n\000t\000a\000t\000i\000o\000n}{section.7.3}% 27
\BOOKMARK [3][-]{subsubsection.7.3.2.1}{\376\377\0007\000.\0003\000.\0002\000.\0001\000\040\000i\000n\000p\000u\000t\000\137\000p\000a\000r\000a\000m\000s\000\050\000\051}{subsection.7.3.2}% 28
\BOOKMARK [2][-]{subsection.7.3.3}{\376\377\0007\000.\0003\000.\0003\000\040\000M\000e\000m\000b\000e\000r\000\040\000D\000a\000t\000a\000\040\000D\000o\000c\000u\000m\000e\000n\000t\000a\000t\000i\000o\000n}{section.7.3}% 29
\BOOKMARK [3][-]{subsubsection.7.3.3.1}{\376\377\0007\000.\0003\000.\0003\000.\0001\000\040\000m\000a\000s\000s}{subsection.7.3.3}% 30
\BOOKMARK [3][-]{subsubsection.7.3.3.2}{\376\377\0007\000.\0003\000.\0003\000.\0002\000\040\000n\000\137\000d\000i\000m\000e\000n\000s\000i\000o\000n\000s}{subsection.7.3.3}% 31
\BOOKMARK [3][-]{subsubsection.7.3.3.3}{\376\377\0007\000.\0003\000.\0003\000.\0003\000\040\000n\000\137\000p\000a\000r\000t\000i\000c\000l\000e\000s}{subsection.7.3.3}% 32
\BOOKMARK [3][-]{subsubsection.7.3.3.4}{\376\377\0007\000.\0003\000.\0003\000.\0004\000\040\000n\000\137\000t\000y\000p\000e\000s}{subsection.7.3.3}% 33
\BOOKMARK [3][-]{subsubsection.7.3.3.5}{\376\377\0007\000.\0003\000.\0003\000.\0005\000\040\000p\000a\000r\000a\000l\000l\000e\000l\000i\000z\000e}{subsection.7.3.3}% 34
\BOOKMARK [3][-]{subsubsection.7.3.3.6}{\376\377\0007\000.\0003\000.\0003\000.\0006\000\040\000p\000e\000r\000i\000o\000d\000i\000c\000\137\000b\000o\000u\000n\000d\000a\000r\000y}{subsection.7.3.3}% 35
\BOOKMARK [3][-]{subsubsection.7.3.3.7}{\376\377\0007\000.\0003\000.\0003\000.\0007\000\040\000r\000u\000n\000t\000i\000m\000e}{subsection.7.3.3}% 36
\BOOKMARK [3][-]{subsubsection.7.3.3.8}{\376\377\0007\000.\0003\000.\0003\000.\0008\000\040\000t\000e\000m\000p\000e\000r\000a\000t\000u\000r\000e\000\137\000r\000e\000q\000u\000i\000r\000e\000d}{subsection.7.3.3}% 37
\BOOKMARK [3][-]{subsubsection.7.3.3.9}{\376\377\0007\000.\0003\000.\0003\000.\0009\000\040\000t\000i\000m\000e\000s\000t\000e\000p}{subsection.7.3.3}% 38
\BOOKMARK [1][-]{section.7.4}{\376\377\0007\000.\0004\000\040\000S\000y\000s\000t\000e\000m\000:\000:\000s\000i\000m\000u\000l\000a\000t\000i\000o\000n\000\040\000C\000l\000a\000s\000s\000\040\000R\000e\000f\000e\000r\000e\000n\000c\000e}{chapter.7}% 39
\BOOKMARK [2][-]{subsection.7.4.1}{\376\377\0007\000.\0004\000.\0001\000\040\000D\000e\000t\000a\000i\000l\000e\000d\000\040\000D\000e\000s\000c\000r\000i\000p\000t\000i\000o\000n}{section.7.4}% 40
\BOOKMARK [2][-]{subsection.7.4.2}{\376\377\0007\000.\0004\000.\0002\000\040\000C\000o\000n\000s\000t\000r\000u\000c\000t\000o\000r\000\040\000\046\000\040\000D\000e\000s\000t\000r\000u\000c\000t\000o\000r\000\040\000D\000o\000c\000u\000m\000e\000n\000t\000a\000t\000i\000o\000n}{section.7.4}% 41
\BOOKMARK [3][-]{subsubsection.7.4.2.1}{\376\377\0007\000.\0004\000.\0002\000.\0001\000\040\000s\000i\000m\000u\000l\000a\000t\000i\000o\000n\000\050\000\051}{subsection.7.4.2}% 42
\BOOKMARK [3][-]{subsubsection.7.4.2.2}{\376\377\0007\000.\0004\000.\0002\000.\0002\000\040\000\040\000s\000i\000m\000u\000l\000a\000t\000i\000o\000n\000\050\000\051}{subsection.7.4.2}% 43
\BOOKMARK [2][-]{subsection.7.4.3}{\376\377\0007\000.\0004\000.\0003\000\040\000M\000e\000m\000b\000e\000r\000\040\000D\000a\000t\000a\000\040\000D\000o\000c\000u\000m\000e\000n\000t\000a\000t\000i\000o\000n}{section.7.4}% 44
\BOOKMARK [3][-]{subsubsection.7.4.3.1}{\376\377\0007\000.\0004\000.\0003\000.\0001\000\040\000b\000o\000x\000\137\000s\000i\000z\000e\000\137\000l\000i\000m\000i\000t\000s}{subsection.7.4.3}% 45
\BOOKMARK [3][-]{subsubsection.7.4.3.2}{\376\377\0007\000.\0004\000.\0003\000.\0002\000\040\000i\000n\000t\000e\000r\000a\000c\000t\000i\000o\000n}{subsection.7.4.3}% 46
\BOOKMARK [3][-]{subsubsection.7.4.3.3}{\376\377\0007\000.\0004\000.\0003\000.\0003\000\040\000t\000h\000e\000r\000m\000o\000s\000t\000a\000t}{subsection.7.4.3}% 47
\BOOKMARK [1][-]{section.7.5}{\376\377\0007\000.\0005\000\040\000S\000y\000s\000t\000e\000m\000:\000:\000s\000y\000s\000t\000e\000m\000\137\000s\000t\000a\000t\000e\000\040\000C\000l\000a\000s\000s\000\040\000R\000e\000f\000e\000r\000e\000n\000c\000e}{chapter.7}% 48
\BOOKMARK [2][-]{subsection.7.5.1}{\376\377\0007\000.\0005\000.\0001\000\040\000D\000e\000t\000a\000i\000l\000e\000d\000\040\000D\000e\000s\000c\000r\000i\000p\000t\000i\000o\000n}{section.7.5}% 49
\BOOKMARK [2][-]{subsection.7.5.2}{\376\377\0007\000.\0005\000.\0002\000\040\000C\000o\000n\000s\000t\000r\000u\000c\000t\000o\000r\000\040\000\046\000\040\000D\000e\000s\000t\000r\000u\000c\000t\000o\000r\000\040\000D\000o\000c\000u\000m\000e\000n\000t\000a\000t\000i\000o\000n}{section.7.5}% 50
\BOOKMARK [3][-]{subsubsection.7.5.2.1}{\376\377\0007\000.\0005\000.\0002\000.\0001\000\040\000s\000y\000s\000t\000e\000m\000\137\000s\000t\000a\000t\000e\000\050\000\051}{subsection.7.5.2}% 51
\BOOKMARK [2][-]{subsection.7.5.3}{\376\377\0007\000.\0005\000.\0003\000\040\000M\000e\000m\000b\000e\000r\000\040\000D\000a\000t\000a\000\040\000D\000o\000c\000u\000m\000e\000n\000t\000a\000t\000i\000o\000n}{section.7.5}% 52
\BOOKMARK [3][-]{subsubsection.7.5.3.1}{\376\377\0007\000.\0005\000.\0003\000.\0001\000\040\000a\000c\000c\000e\000l\000e\000r\000a\000t\000i\000o\000n}{subsection.7.5.3}% 53
\BOOKMARK [3][-]{subsubsection.7.5.3.2}{\376\377\0007\000.\0005\000.\0003\000.\0002\000\040\000e\000n\000e\000r\000g\000y\000\137\000k\000i\000n\000e\000t\000i\000c}{subsection.7.5.3}% 54
\BOOKMARK [3][-]{subsubsection.7.5.3.3}{\376\377\0007\000.\0005\000.\0003\000.\0003\000\040\000e\000n\000e\000r\000g\000y\000\137\000p\000o\000t\000e\000n\000t\000i\000a\000l}{subsection.7.5.3}% 55
\BOOKMARK [3][-]{subsubsection.7.5.3.4}{\376\377\0007\000.\0005\000.\0003\000.\0004\000\040\000e\000n\000e\000r\000g\000y\000\137\000t\000o\000t\000a\000l}{subsection.7.5.3}% 56
\BOOKMARK [3][-]{subsubsection.7.5.3.5}{\376\377\0007\000.\0005\000.\0003\000.\0005\000\040\000o\000r\000i\000e\000n\000t\000a\000t\000i\000o\000n}{subsection.7.5.3}% 57
\BOOKMARK [3][-]{subsubsection.7.5.3.6}{\376\377\0007\000.\0005\000.\0003\000.\0006\000\040\000p\000o\000s\000i\000t\000i\000o\000n}{subsection.7.5.3}% 58
\BOOKMARK [3][-]{subsubsection.7.5.3.7}{\376\377\0007\000.\0005\000.\0003\000.\0007\000\040\000s\000t\000a\000t\000e}{subsection.7.5.3}% 59
\BOOKMARK [3][-]{subsubsection.7.5.3.8}{\376\377\0007\000.\0005\000.\0003\000.\0008\000\040\000t\000e\000m\000p\000e\000r\000a\000t\000u\000r\000e}{subsection.7.5.3}% 60
\BOOKMARK [3][-]{subsubsection.7.5.3.9}{\376\377\0007\000.\0005\000.\0003\000.\0009\000\040\000t\000i\000m\000e}{subsection.7.5.3}% 61
\BOOKMARK [3][-]{subsubsection.7.5.3.10}{\376\377\0007\000.\0005\000.\0003\000.\0001\0000\000\040\000v\000e\000l\000o\000c\000i\000t\000y}{subsection.7.5.3}% 62
\BOOKMARK [0][-]{chapter.8}{\376\377\0008\000\040\000F\000i\000l\000e\000\040\000D\000o\000c\000u\000m\000e\000n\000t\000a\000t\000i\000o\000n}{}% 63
\BOOKMARK [1][-]{section.8.1}{\376\377\0008\000.\0001\000\040\000B\000a\000c\000k\000e\000n\000d\000/\000G\000o\000a\000l\000s\000.\000t\000x\000t\000\040\000F\000i\000l\000e\000\040\000R\000e\000f\000e\000r\000e\000n\000c\000e}{chapter.8}% 64
\BOOKMARK [2][-]{subsection.8.1.1}{\376\377\0008\000.\0001\000.\0001\000\040\000V\000a\000r\000i\000a\000b\000l\000e\000\040\000D\000o\000c\000u\000m\000e\000n\000t\000a\000t\000i\000o\000n}{section.8.1}% 65
\BOOKMARK [3][-]{subsubsection.8.1.1.1}{\376\377\0008\000.\0001\000.\0001\000.\0001\000\040\000G\000o\000a\000l}{subsection.8.1.1}% 66
\BOOKMARK [3][-]{subsubsection.8.1.1.2}{\376\377\0008\000.\0001\000.\0001\000.\0002\000\040\000g\000r\000o\000u\000n\000d}{subsection.8.1.1}% 67
\BOOKMARK [3][-]{subsubsection.8.1.1.3}{\376\377\0008\000.\0001\000.\0001\000.\0003\000\040\000o\000t\000h\000e\000r}{subsection.8.1.1}% 68
\BOOKMARK [1][-]{section.8.2}{\376\377\0008\000.\0002\000\040\000G\000U\000I\000/\000G\000o\000a\000l\000s\000.\000t\000x\000t\000\040\000F\000i\000l\000e\000\040\000R\000e\000f\000e\000r\000e\000n\000c\000e}{chapter.8}% 69
\BOOKMARK [1][-]{section.8.3}{\376\377\0008\000.\0003\000\040\000B\000a\000c\000k\000e\000n\000d\000/\000i\000n\000c\000l\000u\000d\000e\000/\000a\000l\000g\000o\000r\000i\000t\000h\000m\000\137\000c\000o\000n\000s\000t\000a\000n\000t\000s\000.\000h\000\040\000F\000i\000l\000e\000\040\000R\000e\000f\000e\000r\000e\000n\000c\000e}{chapter.8}% 70
\BOOKMARK [2][-]{subsection.8.3.1}{\376\377\0008\000.\0003\000.\0001\000\040\000M\000a\000c\000r\000o\000\040\000D\000e\000f\000i\000n\000i\000t\000i\000o\000n\000\040\000D\000o\000c\000u\000m\000e\000n\000t\000a\000t\000i\000o\000n}{section.8.3}% 71
\BOOKMARK [3][-]{subsubsection.8.3.1.1}{\376\377\0008\000.\0003\000.\0001\000.\0001\000\040\000A\000N\000D\000E\000R\000S\000O\000N\000\137\000N\000U}{subsection.8.3.1}% 72
\BOOKMARK [3][-]{subsubsection.8.3.1.2}{\376\377\0008\000.\0003\000.\0001\000.\0002\000\040\000C\000U\000T\000O\000F\000F\000\137\000R\000A\000T\000I\000O\000\137\000L\000J}{subsection.8.3.1}% 73
\BOOKMARK [1][-]{section.8.4}{\376\377\0008\000.\0004\000\040\000B\000a\000c\000k\000e\000n\000d\000/\000i\000n\000c\000l\000u\000d\000e\000/\000c\000l\000i\000e\000n\000t\000.\000h\000\040\000F\000i\000l\000e\000\040\000R\000e\000f\000e\000r\000e\000n\000c\000e}{chapter.8}% 74
\BOOKMARK [1][-]{section.8.5}{\376\377\0008\000.\0005\000\040\000B\000a\000c\000k\000e\000n\000d\000/\000i\000n\000c\000l\000u\000d\000e\000/\000c\000o\000n\000s\000t\000a\000n\000t\000s\000.\000h\000\040\000F\000i\000l\000e\000\040\000R\000e\000f\000e\000r\000e\000n\000c\000e}{chapter.8}% 75
\BOOKMARK [2][-]{subsection.8.5.1}{\376\377\0008\000.\0005\000.\0001\000\040\000M\000a\000c\000r\000o\000\040\000D\000e\000f\000i\000n\000i\000t\000i\000o\000n\000\040\000D\000o\000c\000u\000m\000e\000n\000t\000a\000t\000i\000o\000n}{section.8.5}% 76
\BOOKMARK [3][-]{subsubsection.8.5.1.1}{\376\377\0008\000.\0005\000.\0001\000.\0001\000\040\000B\000O\000L\000T\000Z\000\137\000S\000I}{subsection.8.5.1}% 77
\BOOKMARK [3][-]{subsubsection.8.5.1.2}{\376\377\0008\000.\0005\000.\0001\000.\0002\000\040\000N\000\137\000A}{subsection.8.5.1}% 78
\BOOKMARK [3][-]{subsubsection.8.5.1.3}{\376\377\0008\000.\0005\000.\0001\000.\0003\000\040\000P\000L\000A\000N\000K\000\137\000E\000V}{subsection.8.5.1}% 79
\BOOKMARK [3][-]{subsubsection.8.5.1.4}{\376\377\0008\000.\0005\000.\0001\000.\0004\000\040\000P\000L\000A\000N\000K\000\137\000S\000I}{subsection.8.5.1}% 80
\BOOKMARK [1][-]{section.8.6}{\376\377\0008\000.\0006\000\040\000B\000a\000c\000k\000e\000n\000d\000/\000i\000n\000c\000l\000u\000d\000e\000/\000c\000o\000r\000r\000e\000l\000a\000t\000i\000o\000n\000s\000.\000h\000\040\000F\000i\000l\000e\000\040\000R\000e\000f\000e\000r\000e\000n\000c\000e}{chapter.8}% 81
\BOOKMARK [1][-]{section.8.7}{\376\377\0008\000.\0007\000\040\000B\000a\000c\000k\000e\000n\000d\000/\000i\000n\000c\000l\000u\000d\000e\000/\000i\000n\000i\000t\000i\000a\000l\000i\000z\000e\000.\000h\000\040\000F\000i\000l\000e\000\040\000R\000e\000f\000e\000r\000e\000n\000c\000e}{chapter.8}% 82
\BOOKMARK [2][-]{subsection.8.7.1}{\376\377\0008\000.\0007\000.\0001\000\040\000F\000u\000n\000c\000t\000i\000o\000n\000\040\000D\000o\000c\000u\000m\000e\000n\000t\000a\000t\000i\000o\000n}{section.8.7}% 83
\BOOKMARK [3][-]{subsubsection.8.7.1.1}{\376\377\0008\000.\0007\000.\0001\000.\0001\000\040\000i\000n\000i\000t\000\137\000s\000i\000m\000\050\000\051}{subsection.8.7.1}% 84
\BOOKMARK [1][-]{section.8.8}{\376\377\0008\000.\0008\000\040\000B\000a\000c\000k\000e\000n\000d\000/\000i\000n\000c\000l\000u\000d\000e\000/\000i\000n\000t\000e\000g\000r\000a\000t\000e\000.\000h\000\040\000F\000i\000l\000e\000\040\000R\000e\000f\000e\000r\000e\000n\000c\000e}{chapter.8}% 85
\BOOKMARK [2][-]{subsection.8.8.1}{\376\377\0008\000.\0008\000.\0001\000\040\000F\000u\000n\000c\000t\000i\000o\000n\000\040\000D\000o\000c\000u\000m\000e\000n\000t\000a\000t\000i\000o\000n}{section.8.8}% 86
\BOOKMARK [3][-]{subsubsection.8.8.1.1}{\376\377\0008\000.\0008\000.\0001\000.\0001\000\040\000i\000n\000t\000e\000g\000r\000a\000t\000e\000\137\000v\000e\000r\000d\000e\000t\000\137\000b\000o\000x\000\050\000\051}{subsection.8.8.1}% 87
\BOOKMARK [3][-]{subsubsection.8.8.1.2}{\376\377\0008\000.\0008\000.\0001\000.\0002\000\040\000i\000n\000t\000e\000g\000r\000a\000t\000e\000\137\000v\000e\000r\000d\000e\000t\000\137\000p\000e\000r\000i\000o\000d\000i\000c\000\050\000\051}{subsection.8.8.1}% 88
\BOOKMARK [1][-]{section.8.9}{\376\377\0008\000.\0009\000\040\000B\000a\000c\000k\000e\000n\000d\000/\000i\000n\000c\000l\000u\000d\000e\000/\000i\000n\000t\000e\000r\000a\000c\000t\000i\000o\000n\000.\000h\000\040\000F\000i\000l\000e\000\040\000R\000e\000f\000e\000r\000e\000n\000c\000e}{chapter.8}% 89
\BOOKMARK [2][-]{subsection.8.9.1}{\376\377\0008\000.\0009\000.\0001\000\040\000F\000u\000n\000c\000t\000i\000o\000n\000\040\000D\000o\000c\000u\000m\000e\000n\000t\000a\000t\000i\000o\000n}{section.8.9}% 90
\BOOKMARK [3][-]{subsubsection.8.9.1.1}{\376\377\0008\000.\0009\000.\0001\000.\0001\000\040\000d\000i\000s\000t\000a\000n\000c\000e\000\137\000p\000e\000r\000i\000o\000d\000i\000c\000\050\000\051}{subsection.8.9.1}% 91
\BOOKMARK [3][-]{subsubsection.8.9.1.2}{\376\377\0008\000.\0009\000.\0001\000.\0002\000\040\000f\000r\000e\000e\000\137\000p\000a\000r\000t\000i\000c\000l\000e\000s\000\050\000\051}{subsection.8.9.1}% 92
\BOOKMARK [3][-]{subsubsection.8.9.1.3}{\376\377\0008\000.\0009\000.\0001\000.\0003\000\040\000i\000n\000i\000t\000i\000a\000l\000i\000z\000e\000\137\000i\000n\000t\000e\000r\000a\000c\000t\000i\000o\000n\000s\000\050\000\051}{subsection.8.9.1}% 93
\BOOKMARK [3][-]{subsubsection.8.9.1.4}{\376\377\0008\000.\0009\000.\0001\000.\0004\000\040\000i\000n\000t\000e\000r\000a\000c\000t\000\050\000\051}{subsection.8.9.1}% 94
\BOOKMARK [3][-]{subsubsection.8.9.1.5}{\376\377\0008\000.\0009\000.\0001\000.\0005\000\040\000l\000j\000\137\000b\000o\000x\000\050\000\051}{subsection.8.9.1}% 95
\BOOKMARK [3][-]{subsubsection.8.9.1.6}{\376\377\0008\000.\0009\000.\0001\000.\0006\000\040\000l\000j\000\137\000p\000e\000r\000i\000o\000d\000i\000c\000\050\000\051}{subsection.8.9.1}% 96
\BOOKMARK [1][-]{section.8.10}{\376\377\0008\000.\0001\0000\000\040\000B\000a\000c\000k\000e\000n\000d\000/\000i\000n\000c\000l\000u\000d\000e\000/\000s\000y\000s\000t\000e\000m\000.\000h\000\040\000F\000i\000l\000e\000\040\000R\000e\000f\000e\000r\000e\000n\000c\000e}{chapter.8}% 97
\BOOKMARK [1][-]{section.8.11}{\376\377\0008\000.\0001\0001\000\040\000B\000a\000c\000k\000e\000n\000d\000/\000i\000n\000c\000l\000u\000d\000e\000/\000t\000h\000e\000r\000m\000o\000.\000h\000\040\000F\000i\000l\000e\000\040\000R\000e\000f\000e\000r\000e\000n\000c\000e}{chapter.8}% 98
\BOOKMARK [2][-]{subsection.8.11.1}{\376\377\0008\000.\0001\0001\000.\0001\000\040\000F\000u\000n\000c\000t\000i\000o\000n\000\040\000D\000o\000c\000u\000m\000e\000n\000t\000a\000t\000i\000o\000n}{section.8.11}% 99
\BOOKMARK [3][-]{subsubsection.8.11.1.1}{\376\377\0008\000.\0001\0001\000.\0001\000.\0001\000\040\000t\000r\000a\000n\000s\000\137\000k\000e\000\050\000\051}{subsection.8.11.1}% 100
\BOOKMARK [1][-]{section.8.12}{\376\377\0008\000.\0001\0002\000\040\000B\000a\000c\000k\000e\000n\000d\000/\000i\000n\000c\000l\000u\000d\000e\000/\000t\000h\000e\000r\000m\000o\000s\000t\000a\000t\000.\000h\000\040\000F\000i\000l\000e\000\040\000R\000e\000f\000e\000r\000e\000n\000c\000e}{chapter.8}% 101
\BOOKMARK [2][-]{subsection.8.12.1}{\376\377\0008\000.\0001\0002\000.\0001\000\040\000F\000u\000n\000c\000t\000i\000o\000n\000\040\000D\000o\000c\000u\000m\000e\000n\000t\000a\000t\000i\000o\000n}{section.8.12}% 102
\BOOKMARK [3][-]{subsubsection.8.12.1.1}{\376\377\0008\000.\0001\0002\000.\0001\000.\0001\000\040\000a\000n\000d\000e\000r\000s\000o\000n\000\050\000\051}{subsection.8.12.1}% 103
\BOOKMARK [3][-]{subsubsection.8.12.1.2}{\376\377\0008\000.\0001\0002\000.\0001\000.\0002\000\040\000c\000a\000l\000l\000\137\000t\000h\000e\000r\000m\000o\000s\000t\000a\000t\000\050\000\051}{subsection.8.12.1}% 104
\BOOKMARK [3][-]{subsubsection.8.12.1.3}{\376\377\0008\000.\0001\0002\000.\0001\000.\0003\000\040\000n\000o\000\137\000t\000h\000e\000r\000m\000o\000s\000t\000a\000t\000\050\000\051}{subsection.8.12.1}% 105
\BOOKMARK [1][-]{section.8.13}{\376\377\0008\000.\0001\0003\000\040\000B\000a\000c\000k\000e\000n\000d\000/\000i\000n\000c\000l\000u\000d\000e\000/\000u\000n\000i\000v\000e\000r\000s\000a\000l\000\137\000f\000u\000n\000c\000t\000i\000o\000n\000s\000.\000h\000\040\000F\000i\000l\000e\000\040\000R\000e\000f\000e\000r\000e\000n\000c\000e}{chapter.8}% 106
\BOOKMARK [2][-]{subsection.8.13.1}{\376\377\0008\000.\0001\0003\000.\0001\000\040\000F\000u\000n\000c\000t\000i\000o\000n\000\040\000D\000o\000c\000u\000m\000e\000n\000t\000a\000t\000i\000o\000n}{section.8.13}% 107
\BOOKMARK [3][-]{subsubsection.8.13.1.1}{\376\377\0008\000.\0001\0003\000.\0001\000.\0001\000\040\000g\000a\000m\000m\000a\000\137\000f\000u\000n\000c\000\050\000\051}{subsection.8.13.1}% 108
\BOOKMARK [3][-]{subsubsection.8.13.1.2}{\376\377\0008\000.\0001\0003\000.\0001\000.\0002\000\040\000s\000u\000r\000f\000a\000c\000e\000\137\000u\000n\000i\000t\000\137\000s\000p\000h\000e\000r\000e\000\050\000\051}{subsection.8.13.1}% 109
\BOOKMARK [3][-]{subsubsection.8.13.1.3}{\376\377\0008\000.\0001\0003\000.\0001\000.\0003\000\040\000v\000o\000l\000\137\000u\000n\000i\000t\000\137\000s\000p\000h\000e\000r\000e\000\050\000\051}{subsection.8.13.1}% 110
\BOOKMARK [1][-]{section.8.14}{\376\377\0008\000.\0001\0004\000\040\000B\000a\000c\000k\000e\000n\000d\000/\000i\000n\000c\000l\000u\000d\000e\000/\000w\000r\000i\000t\000e\000.\000h\000\040\000F\000i\000l\000e\000\040\000R\000e\000f\000e\000r\000e\000n\000c\000e}{chapter.8}% 111
\BOOKMARK [2][-]{subsection.8.14.1}{\376\377\0008\000.\0001\0004\000.\0001\000\040\000F\000u\000n\000c\000t\000i\000o\000n\000\040\000D\000o\000c\000u\000m\000e\000n\000t\000a\000t\000i\000o\000n}{section.8.14}% 112
\BOOKMARK [3][-]{subsubsection.8.14.1.1}{\376\377\0008\000.\0001\0004\000.\0001\000.\0001\000\040\000w\000r\000i\000t\000e\000\137\000t\000r\000a\000j\000\050\000\051}{subsection.8.14.1}% 113
\BOOKMARK [1][-]{section.8.15}{\376\377\0008\000.\0001\0005\000\040\000B\000a\000c\000k\000e\000n\000d\000/\000s\000r\000c\000/\000c\000l\000i\000e\000n\000t\000.\000c\000p\000p\000\040\000F\000i\000l\000e\000\040\000R\000e\000f\000e\000r\000e\000n\000c\000e}{chapter.8}% 114
\BOOKMARK [2][-]{subsection.8.15.1}{\376\377\0008\000.\0001\0005\000.\0001\000\040\000F\000u\000n\000c\000t\000i\000o\000n\000\040\000D\000o\000c\000u\000m\000e\000n\000t\000a\000t\000i\000o\000n}{section.8.15}% 115
\BOOKMARK [3][-]{subsubsection.8.15.1.1}{\376\377\0008\000.\0001\0005\000.\0001\000.\0001\000\040\000m\000a\000i\000n\000\050\000\051}{subsection.8.15.1}% 116
\BOOKMARK [1][-]{section.8.16}{\376\377\0008\000.\0001\0006\000\040\000B\000a\000c\000k\000e\000n\000d\000/\000s\000r\000c\000/\000c\000o\000r\000r\000e\000l\000a\000t\000i\000o\000n\000s\000.\000c\000p\000p\000\040\000F\000i\000l\000e\000\040\000R\000e\000f\000e\000r\000e\000n\000c\000e}{chapter.8}% 117
\BOOKMARK [1][-]{section.8.17}{\376\377\0008\000.\0001\0007\000\040\000B\000a\000c\000k\000e\000n\000d\000/\000s\000r\000c\000/\000i\000n\000i\000t\000i\000a\000l\000i\000z\000e\000.\000c\000p\000p\000\040\000F\000i\000l\000e\000\040\000R\000e\000f\000e\000r\000e\000n\000c\000e}{chapter.8}% 118
\BOOKMARK [2][-]{subsection.8.17.1}{\376\377\0008\000.\0001\0007\000.\0001\000\040\000F\000u\000n\000c\000t\000i\000o\000n\000\040\000D\000o\000c\000u\000m\000e\000n\000t\000a\000t\000i\000o\000n}{section.8.17}% 119
\BOOKMARK [3][-]{subsubsection.8.17.1.1}{\376\377\0008\000.\0001\0007\000.\0001\000.\0001\000\040\000i\000n\000i\000t\000\137\000s\000i\000m\000\050\000\051}{subsection.8.17.1}% 120
\BOOKMARK [1][-]{section.8.18}{\376\377\0008\000.\0001\0008\000\040\000B\000a\000c\000k\000e\000n\000d\000/\000s\000r\000c\000/\000i\000n\000t\000e\000g\000r\000a\000t\000e\000.\000c\000p\000p\000\040\000F\000i\000l\000e\000\040\000R\000e\000f\000e\000r\000e\000n\000c\000e}{chapter.8}% 121
\BOOKMARK [2][-]{subsection.8.18.1}{\376\377\0008\000.\0001\0008\000.\0001\000\040\000F\000u\000n\000c\000t\000i\000o\000n\000\040\000D\000o\000c\000u\000m\000e\000n\000t\000a\000t\000i\000o\000n}{section.8.18}% 122
\BOOKMARK [3][-]{subsubsection.8.18.1.1}{\376\377\0008\000.\0001\0008\000.\0001\000.\0001\000\040\000i\000n\000t\000e\000g\000r\000a\000t\000e\000\137\000v\000e\000r\000d\000e\000t\000\137\000b\000o\000x\000\050\000\051}{subsection.8.18.1}% 123
\BOOKMARK [3][-]{subsubsection.8.18.1.2}{\376\377\0008\000.\0001\0008\000.\0001\000.\0002\000\040\000i\000n\000t\000e\000g\000r\000a\000t\000e\000\137\000v\000e\000r\000d\000e\000t\000\137\000p\000e\000r\000i\000o\000d\000i\000c\000\050\000\051}{subsection.8.18.1}% 124
\BOOKMARK [1][-]{section.8.19}{\376\377\0008\000.\0001\0009\000\040\000B\000a\000c\000k\000e\000n\000d\000/\000s\000r\000c\000/\000i\000n\000t\000e\000r\000a\000c\000t\000i\000o\000n\000.\000c\000p\000p\000\040\000F\000i\000l\000e\000\040\000R\000e\000f\000e\000r\000e\000n\000c\000e}{chapter.8}% 125
\BOOKMARK [2][-]{subsection.8.19.1}{\376\377\0008\000.\0001\0009\000.\0001\000\040\000F\000u\000n\000c\000t\000i\000o\000n\000\040\000D\000o\000c\000u\000m\000e\000n\000t\000a\000t\000i\000o\000n}{section.8.19}% 126
\BOOKMARK [3][-]{subsubsection.8.19.1.1}{\376\377\0008\000.\0001\0009\000.\0001\000.\0001\000\040\000d\000i\000s\000t\000a\000n\000c\000e\000\137\000p\000e\000r\000i\000o\000d\000i\000c\000\050\000\051}{subsection.8.19.1}% 127
\BOOKMARK [3][-]{subsubsection.8.19.1.2}{\376\377\0008\000.\0001\0009\000.\0001\000.\0002\000\040\000f\000r\000e\000e\000\137\000p\000a\000r\000t\000i\000c\000l\000e\000s\000\050\000\051}{subsection.8.19.1}% 128
\BOOKMARK [3][-]{subsubsection.8.19.1.3}{\376\377\0008\000.\0001\0009\000.\0001\000.\0003\000\040\000i\000n\000i\000t\000i\000a\000l\000i\000z\000e\000\137\000i\000n\000t\000e\000r\000a\000c\000t\000i\000o\000n\000s\000\050\000\051}{subsection.8.19.1}% 129
\BOOKMARK [3][-]{subsubsection.8.19.1.4}{\376\377\0008\000.\0001\0009\000.\0001\000.\0004\000\040\000i\000n\000t\000e\000r\000a\000c\000t\000\050\000\051}{subsection.8.19.1}% 130
\BOOKMARK [3][-]{subsubsection.8.19.1.5}{\376\377\0008\000.\0001\0009\000.\0001\000.\0005\000\040\000l\000j\000\137\000b\000o\000x\000\050\000\051}{subsection.8.19.1}% 131
\BOOKMARK [3][-]{subsubsection.8.19.1.6}{\376\377\0008\000.\0001\0009\000.\0001\000.\0006\000\040\000l\000j\000\137\000p\000e\000r\000i\000o\000d\000i\000c\000\050\000\051}{subsection.8.19.1}% 132
\BOOKMARK [1][-]{section.8.20}{\376\377\0008\000.\0002\0000\000\040\000B\000a\000c\000k\000e\000n\000d\000/\000s\000r\000c\000/\000t\000h\000e\000r\000m\000o\000.\000c\000p\000p\000\040\000F\000i\000l\000e\000\040\000R\000e\000f\000e\000r\000e\000n\000c\000e}{chapter.8}% 133
\BOOKMARK [2][-]{subsection.8.20.1}{\376\377\0008\000.\0002\0000\000.\0001\000\040\000F\000u\000n\000c\000t\000i\000o\000n\000\040\000D\000o\000c\000u\000m\000e\000n\000t\000a\000t\000i\000o\000n}{section.8.20}% 134
\BOOKMARK [3][-]{subsubsection.8.20.1.1}{\376\377\0008\000.\0002\0000\000.\0001\000.\0001\000\040\000t\000r\000a\000n\000s\000\137\000k\000e\000\050\000\051}{subsection.8.20.1}% 135
\BOOKMARK [1][-]{section.8.21}{\376\377\0008\000.\0002\0001\000\040\000B\000a\000c\000k\000e\000n\000d\000/\000s\000r\000c\000/\000t\000h\000e\000r\000m\000o\000s\000t\000a\000t\000.\000c\000p\000p\000\040\000F\000i\000l\000e\000\040\000R\000e\000f\000e\000r\000e\000n\000c\000e}{chapter.8}% 136
\BOOKMARK [2][-]{subsection.8.21.1}{\376\377\0008\000.\0002\0001\000.\0001\000\040\000F\000u\000n\000c\000t\000i\000o\000n\000\040\000D\000o\000c\000u\000m\000e\000n\000t\000a\000t\000i\000o\000n}{section.8.21}% 137
\BOOKMARK [3][-]{subsubsection.8.21.1.1}{\376\377\0008\000.\0002\0001\000.\0001\000.\0001\000\040\000a\000n\000d\000e\000r\000s\000o\000n\000\050\000\051}{subsection.8.21.1}% 138
\BOOKMARK [3][-]{subsubsection.8.21.1.2}{\376\377\0008\000.\0002\0001\000.\0001\000.\0002\000\040\000c\000a\000l\000l\000\137\000t\000h\000e\000r\000m\000o\000s\000t\000a\000t\000\050\000\051}{subsection.8.21.1}% 139
\BOOKMARK [3][-]{subsubsection.8.21.1.3}{\376\377\0008\000.\0002\0001\000.\0001\000.\0003\000\040\000n\000o\000\137\000t\000h\000e\000r\000m\000o\000s\000t\000a\000t\000\050\000\051}{subsection.8.21.1}% 140
\BOOKMARK [1][-]{section.8.22}{\376\377\0008\000.\0002\0002\000\040\000B\000a\000c\000k\000e\000n\000d\000/\000s\000r\000c\000/\000u\000n\000i\000v\000e\000r\000s\000a\000l\000\137\000f\000u\000n\000c\000t\000i\000o\000n\000s\000.\000c\000p\000p\000\040\000F\000i\000l\000e\000\040\000R\000e\000f\000e\000r\000e\000n\000c\000e}{chapter.8}% 141
\BOOKMARK [2][-]{subsection.8.22.1}{\376\377\0008\000.\0002\0002\000.\0001\000\040\000F\000u\000n\000c\000t\000i\000o\000n\000\040\000D\000o\000c\000u\000m\000e\000n\000t\000a\000t\000i\000o\000n}{section.8.22}% 142
\BOOKMARK [3][-]{subsubsection.8.22.1.1}{\376\377\0008\000.\0002\0002\000.\0001\000.\0001\000\040\000g\000a\000m\000m\000a\000\137\000f\000u\000n\000c\000\050\000\051}{subsection.8.22.1}% 143
\BOOKMARK [3][-]{subsubsection.8.22.1.2}{\376\377\0008\000.\0002\0002\000.\0001\000.\0002\000\040\000s\000u\000r\000f\000a\000c\000e\000\137\000u\000n\000i\000t\000\137\000s\000p\000h\000e\000r\000e\000\050\000\051}{subsection.8.22.1}% 144
\BOOKMARK [3][-]{subsubsection.8.22.1.3}{\376\377\0008\000.\0002\0002\000.\0001\000.\0003\000\040\000v\000o\000l\000\137\000u\000n\000i\000t\000\137\000s\000p\000h\000e\000r\000e\000\050\000\051}{subsection.8.22.1}% 145
\BOOKMARK [1][-]{section.8.23}{\376\377\0008\000.\0002\0003\000\040\000B\000a\000c\000k\000e\000n\000d\000/\000s\000r\000c\000/\000w\000r\000i\000t\000e\000.\000c\000p\000p\000\040\000F\000i\000l\000e\000\040\000R\000e\000f\000e\000r\000e\000n\000c\000e}{chapter.8}% 146
\BOOKMARK [2][-]{subsection.8.23.1}{\376\377\0008\000.\0002\0003\000.\0001\000\040\000F\000u\000n\000c\000t\000i\000o\000n\000\040\000D\000o\000c\000u\000m\000e\000n\000t\000a\000t\000i\000o\000n}{section.8.23}% 147
\BOOKMARK [3][-]{subsubsection.8.23.1.1}{\376\377\0008\000.\0002\0003\000.\0001\000.\0001\000\040\000w\000r\000i\000t\000e\000\137\000t\000r\000a\000j\000\050\000\051}{subsection.8.23.1}% 148
\BOOKMARK [1][-]{section.8.24}{\376\377\0008\000.\0002\0004\000\040\000D\000o\000c\000u\000m\000e\000n\000t\000a\000t\000i\000o\000n\000/\000c\000o\000d\000e\000D\000o\000c\000u\000m\000e\000n\000t\000a\000t\000i\000o\000n\000.\000t\000x\000t\000\040\000F\000i\000l\000e\000\040\000R\000e\000f\000e\000r\000e\000n\000c\000e}{chapter.8}% 149
\BOOKMARK [2][-]{subsection.8.24.1}{\376\377\0008\000.\0002\0004\000.\0001\000\040\000V\000a\000r\000i\000a\000b\000l\000e\000\040\000D\000o\000c\000u\000m\000e\000n\000t\000a\000t\000i\000o\000n}{section.8.24}% 150
\BOOKMARK [3][-]{subsubsection.8.24.1.1}{\376\377\0008\000.\0002\0004\000.\0001\000.\0001\000\040\000f\000o\000l\000l\000o\000w\000s}{subsection.8.24.1}% 151
\BOOKMARK [3][-]{subsubsection.8.24.1.2}{\376\377\0008\000.\0002\0004\000.\0001\000.\0002\000\040\000f\000r\000a\000c}{subsection.8.24.1}% 152
\BOOKMARK [3][-]{subsubsection.8.24.1.3}{\376\377\0008\000.\0002\0004\000.\0001\000.\0003\000\040\000P\000o\000t\000e\000n\000t\000i\000a\000l}{subsection.8.24.1}% 153
\BOOKMARK [3][-]{subsubsection.8.24.1.4}{\376\377\0008\000.\0002\0004\000.\0001\000.\0004\000\040\000T\000h\000e\000r\000m\000o\000s\000t\000a\000t}{subsection.8.24.1}% 154
\BOOKMARK [1][-]{section.8.25}{\376\377\0008\000.\0002\0005\000\040\000D\000o\000c\000u\000m\000e\000n\000t\000a\000t\000i\000o\000n\000/\000e\000r\000r\000o\000r\000D\000o\000c\000u\000m\000e\000n\000t\000a\000t\000i\000o\000n\000.\000t\000x\000t\000\040\000F\000i\000l\000e\000\040\000R\000e\000f\000e\000r\000e\000n\000c\000e}{chapter.8}% 155
\BOOKMARK [1][-]{section.8.26}{\376\377\0008\000.\0002\0006\000\040\000D\000o\000c\000u\000m\000e\000n\000t\000a\000t\000i\000o\000n\000/\000i\000n\000s\000t\000a\000l\000l\000a\000t\000i\000o\000n\000D\000o\000c\000u\000m\000e\000n\000t\000a\000t\000i\000o\000n\000.\000t\000x\000t\000\040\000F\000i\000l\000e\000\040\000R\000e\000f\000e\000r\000e\000n\000c\000e}{chapter.8}% 156
\BOOKMARK [2][-]{subsection.8.26.1}{\376\377\0008\000.\0002\0006\000.\0001\000\040\000F\000u\000n\000c\000t\000i\000o\000n\000\040\000D\000o\000c\000u\000m\000e\000n\000t\000a\000t\000i\000o\000n}{section.8.26}% 157
\BOOKMARK [3][-]{subsubsection.8.26.1.1}{\376\377\0008\000.\0002\0006\000.\0001\000.\0001\000\040\000p\000r\000o\000g\000r\000a\000m\000\050\000\051}{subsection.8.26.1}% 158
\BOOKMARK [2][-]{subsection.8.26.2}{\376\377\0008\000.\0002\0006\000.\0002\000\040\000V\000a\000r\000i\000a\000b\000l\000e\000\040\000D\000o\000c\000u\000m\000e\000n\000t\000a\000t\000i\000o\000n}{section.8.26}% 159
\BOOKMARK [3][-]{subsubsection.8.26.2.1}{\376\377\0008\000.\0002\0006\000.\0002\000.\0001\000\040\000h\000t\000t\000p\000s}{subsection.8.26.2}% 160
\BOOKMARK [3][-]{subsubsection.8.26.2.2}{\376\377\0008\000.\0002\0006\000.\0002\000.\0002\000\040\000i\000n\000s\000t\000a\000l\000l}{subsection.8.26.2}% 161
\BOOKMARK [3][-]{subsubsection.8.26.2.3}{\376\377\0008\000.\0002\0006\000.\0002\000.\0003\000\040\000N\000o\000w}{subsection.8.26.2}% 162
\BOOKMARK [3][-]{subsubsection.8.26.2.4}{\376\377\0008\000.\0002\0006\000.\0002\000.\0004\000\040\000p\000r\000o\000g\000r\000a\000m}{subsection.8.26.2}% 163
\BOOKMARK [1][-]{section.8.27}{\376\377\0008\000.\0002\0007\000\040\000R\000E\000A\000D\000M\000E\000.\000m\000d\000\040\000F\000i\000l\000e\000\040\000R\000e\000f\000e\000r\000e\000n\000c\000e}{chapter.8}% 164
\BOOKMARK [0][-]{section*.40}{\376\377\000I\000n\000d\000e\000x}{}% 165
